<?xml version="1.0" encoding="UTF-8"?>
<!-- Generated by org.testng.reporters.JUnitXMLReporter -->
<testsuite ignored="2" hostname="DESKTOP-1GK70PM" failures="0" tests="2" name="Test" time="0.078" errors="0" timestamp="2026-01-12T19:27:20 IST">
  <testcase classname="testNG.pra2" name="pc" time="0.012"/>
  <testcase classname="testNG.pra1" name="test" time="0.002"/>
  <testcase classname="testNG.pra2" name="mobilelogin" time="0.0">
    <ignored/>
  </testcase> <!-- mobilelogin -->
  <testcase classname="testNG.pra2" name="mobilelogout" time="0.0">
    <ignored/>
  </testcase> <!-- mobilelogout -->
</testsuite> <!-- Test -->
