<?xml version="1.0" encoding="UTF-8"?>
<testng-results ignored="0" total="1" passed="1" failed="0" skipped="0">
  <reporter-output>
  </reporter-output>
  <suite started-at="2026-04-16T22:29:49 IST" name="Default suite" finished-at="2026-04-16T22:30:42 IST" duration-ms="52550">
    <groups>
    </groups>
    <test started-at="2026-04-16T22:29:49 IST" name="Default test" finished-at="2026-04-16T22:30:42 IST" duration-ms="52550">
      <class name="ecommerce.ec_tc3">
        <test-method is-config="true" signature="configureAppium()[pri:0, instance:ecommerce.ec_tc3@36ebc363]" started-at="2026-04-16T22:29:49 IST" name="configureAppium" finished-at="2026-04-16T22:30:03 IST" duration-ms="13750" status="PASS">
          <reporter-output>
          </reporter-output>
        </test-method> <!-- configureAppium -->
        <test-method signature="fillForm()[pri:0, instance:ecommerce.ec_tc3@36ebc363]" started-at="2026-04-16T22:30:03 IST" name="fillForm" finished-at="2026-04-16T22:30:40 IST" duration-ms="36913" status="PASS">
          <reporter-output>
          </reporter-output>
        </test-method> <!-- fillForm -->
        <test-method is-config="true" signature="tearDown()[pri:0, instance:ecommerce.ec_tc3@36ebc363]" started-at="2026-04-16T22:30:40 IST" name="tearDown" finished-at="2026-04-16T22:30:42 IST" duration-ms="1799" status="PASS">
          <reporter-output>
          </reporter-output>
        </test-method> <!-- tearDown -->
      </class> <!-- ecommerce.ec_tc3 -->
    </test> <!-- Default test -->
  </suite> <!-- Default suite -->
</testng-results>
