<?xml version="1.0" encoding="UTF-8"?>
<!-- Generated by org.testng.reporters.JUnitReportReporter -->
<testsuite hostname="DESKTOP-1GK70PM" failures="0" tests="3" name="datadriven.dataDrivenMain" time="0.028" errors="0" timestamp="2026-01-18T18:11:57 IST" skipped="0">
  <testcase classname="datadriven.dataDrivenMain" name="test" time="0.009"/>
  <testcase classname="datadriven.dataDrivenMain" name="test" time="0.017"/>
  <testcase classname="datadriven.dataDrivenMain" name="test" time="0.002"/>
</testsuite> <!-- datadriven.dataDrivenMain -->
